/usr/local/synopsys/Design_Compiler/default/auxx/gui/dv/dv_setup.tcl
/usr/local/synopsys/Design_Compiler/default/auxx/gui/syn/snpsSynProcs.tcl
/usr/local/synopsys/Design_Compiler/default/auxx/tcllib/lib/tcl8.5/tm.tcl
/usr/local/synopsys/Design_Compiler/default/auxx/tcllib/lib/tcl8.5/package.tcl
/usr/local/synopsys/Design_Compiler/default/auxx/gui/syn/layout/pkgIndex.tcl
/usr/local/synopsys/Design_Compiler/default/auxx/gui/common/hierarchy/pkgIndex.tcl
/usr/local/synopsys/Design_Compiler/default/auxx/gui/common/setup/pkgIndex.tcl
/usr/local/synopsys/Design_Compiler/default/auxx/gui/common/dialogs/pkgIndex.tcl
/usr/local/synopsys/Design_Compiler/default/auxx/gui/common/tcl-dp/pkgIndex.tcl
/usr/local/synopsys/Design_Compiler/default/auxx/gui/common/misc/pkgIndex.tcl
/usr/local/synopsys/Design_Compiler/default/auxx/gui/common/schematic/pkgIndex.tcl
/usr/local/synopsys/Design_Compiler/default/auxx/gui/common/WindowFrameWork/pkgIndex.tcl
/usr/local/synopsys/Design_Compiler/default/auxx/gui/common/commandform/pkgIndex.tcl
/usr/local/synopsys/Design_Compiler/default/auxx/gui/common/view/pkgIndex.tcl
/usr/local/synopsys/Design_Compiler/default/auxx/gui/common/menus/pkgIndex.tcl
/usr/local/synopsys/Design_Compiler/default/auxx/gui/common/libviewer/pkgIndex.tcl
/usr/local/synopsys/Design_Compiler/default/auxx/gui/common/strokes/pkgIndex.tcl
/usr/local/synopsys/Design_Compiler/default/auxx/gui/common/acg/pkgIndex.tcl
/usr/local/synopsys/Design_Compiler/default/auxx/gui/common/timing/pkgIndex.tcl
/usr/local/synopsys/Design_Compiler/default/auxx/gui/common/opdlg/pkgIndex.tcl
/usr/local/synopsys/Design_Compiler/default/auxx/gui/common/table/pkgIndex.tcl
/usr/local/synopsys/Design_Compiler/default/auxx/gui/common/fanoutviewer/pkgIndex.tcl
/usr/local/synopsys/Design_Compiler/default/auxx/gui/common/regressionToolkit/pkgIndex.tcl
/usr/local/synopsys/Design_Compiler/default/auxx/gui/common/pathinspector/pkgIndex.tcl
/usr/local/synopsys/Design_Compiler/default/auxx/gui/common/select/pkgIndex.tcl
/usr/local/synopsys/Design_Compiler/default/auxx/gui/common/layout/pkgIndex.tcl
/usr/local/synopsys/Design_Compiler/default/auxx/gui/common/palettegroup/pkgIndex.tcl
/usr/local/synopsys/Design_Compiler/default/auxx/gui/common/histogram/pkgIndex.tcl
/usr/local/synopsys/Design_Compiler/default/auxx/gui/common/mrupalette/pkgIndex.tcl
/usr/local/synopsys/Design_Compiler/default/auxx/gui/common/tiledview/pkgIndex.tcl
/usr/local/synopsys/Design_Compiler/default/auxx/gui/common/highlight/pkgIndex.tcl
/usr/local/synopsys/Design_Compiler/default/auxx/gui/common/profiler/pkgIndex.tcl
/usr/local/synopsys/Design_Compiler/default/auxx/gui/common/qtcl/pkgIndex.tcl
/usr/local/synopsys/Design_Compiler/default/auxx/gui/common/docBrowser/pkgIndex.tcl
/usr/local/synopsys/Design_Compiler/default/auxx/gui/common/tq/pkgIndex.tcl
/usr/local/synopsys/Design_Compiler/default/auxx/gui/dv/pkgIndex.tcl
/usr/local/synopsys/Design_Compiler/default/auxx/tcllib/snps_tcl/snpsUtils/pkgIndex.tcl
/usr/local/synopsys/Design_Compiler/default/auxx/tcllib/snps_tcl/snpsTest/pkgIndex.tcl
/usr/local/synopsys/Design_Compiler/default/auxx/tcllib/snps_tcl/snpsTclPro/pkgIndex.tcl
/usr/local/synopsys/Design_Compiler/default/auxx/tcllib/snps_tcl/pkgIndex.tcl
/usr/local/synopsys/Design_Compiler/default/auxx/tcllib/lib/tcl8.5/opt/pkgIndex.tcl
/usr/local/synopsys/Design_Compiler/default/auxx/tcllib/lib/tcl8.5/http1.0/pkgIndex.tcl
/usr/local/synopsys/Design_Compiler/default/auxx/tcllib/lib/tcl8.5/msgcat/pkgIndex.tcl
/usr/local/synopsys/Design_Compiler/default/auxx/tcllib/lib/tcl8.5/http/pkgIndex.tcl
/usr/local/synopsys/Design_Compiler/default/auxx/tcllib/lib/tcl8.5/tcltest/pkgIndex.tcl
/usr/local/synopsys/Design_Compiler/default/auxx/tcllib/lib/tcl8.5/platform/pkgIndex.tcl
/usr/local/synopsys/Design_Compiler/default/auxx/tcllib/lib/tcl8.5/dde/pkgIndex.tcl
/usr/local/synopsys/Design_Compiler/default/auxx/tcllib/lib/tcl8.5/reg/pkgIndex.tcl
/usr/local/synopsys/Design_Compiler/default/auxx/gui/common/setup/snpsCommonSetup.tcl
/usr/local/synopsys/Design_Compiler/default/auxx/gui/common/setup/snpsCustomize.tcl
/usr/local/synopsys/Design_Compiler/default/auxx/gui/common/setup/snpsProcheck.tcl
/usr/local/synopsys/Design_Compiler/default/auxx/gui/common/qtcl/.synopsys_qtcl.tcl
/usr/local/synopsys/Design_Compiler/default/auxx/gui/common/highlight/highlight.tcl
/usr/local/synopsys/Design_Compiler/default/auxx/gui/common/misc/base.tcl
/usr/local/synopsys/Design_Compiler/default/auxx/gui/common/misc/timing.tcl
/usr/local/synopsys/Design_Compiler/default/auxx/gui/common/misc/setting.tcl
/usr/local/synopsys/Design_Compiler/default/auxx/gui/common/misc/preset.tcl
/usr/local/synopsys/Design_Compiler/default/auxx/gui/common/WindowFrameWork/windowFrameWork.tcl
/usr/local/synopsys/Design_Compiler/default/auxx/gui/common/WindowFrameWork/skipBusyCursorCmdList.tcl
/usr/local/synopsys/Design_Compiler/default/auxx/gui/common/docBrowser/docBrowser.tcl
/usr/local/synopsys/Design_Compiler/default/auxx/tcllib/snps_tcl/snpsUtils/snpsUtils.tcl
/usr/local/synopsys/Design_Compiler/default/auxx/gui/common/dialogs/ObjectChooser.tcl
/usr/local/synopsys/Design_Compiler/default/auxx/gui/common/misc/DialogObjectChooser.tcl
/usr/local/synopsys/Design_Compiler/default/auxx/gui/common/dialogs/HistBinInformation.tcl
/usr/local/synopsys/Design_Compiler/default/auxx/gui/common/dialogs/HistBin1Information.tcl
/usr/local/synopsys/Design_Compiler/default/auxx/gui/common/dialogs/BinsOnlyInformation.tcl
/usr/local/synopsys/Design_Compiler/default/auxx/gui/common/dialogs/FileChooser.tcl
/usr/local/synopsys/Design_Compiler/default/auxx/gui/common/dialogs/PathPinSimpleInfo.tcl
/usr/local/synopsys/Design_Compiler/default/auxx/gui/common/dialogs/PathsBasicInfo.tcl
/usr/local/synopsys/Design_Compiler/default/auxx/gui/common/dialogs/PathsBasicSimpleInfo.tcl
/usr/local/synopsys/Design_Compiler/default/auxx/gui/common/dialogs/SlctOperationInfo.tcl
/usr/local/synopsys/Design_Compiler/default/auxx/gui/common/dialogs/ObjectListInfo.tcl
/usr/local/synopsys/Design_Compiler/default/auxx/gui/common/dialogs/FanInOutInfo.tcl
/usr/local/synopsys/Design_Compiler/default/auxx/gui/common/dialogs/NumberOfLevelsChooser.tcl
/usr/local/synopsys/Design_Compiler/default/auxx/gui/common/dialogs/WindowReuseInfo.tcl
/usr/local/synopsys/Design_Compiler/default/auxx/gui/common/dialogs/ReportOutputOptionInfo.tcl
/usr/local/synopsys/Design_Compiler/default/auxx/gui/common/setup/snpsCollections.tcl
/usr/local/synopsys/Design_Compiler/default/auxx/gui/common/dialogs/CompileLinkDesign.tcl
/usr/local/synopsys/Design_Compiler/default/auxx/gui/common/histogram/DialogEndpointSlack.tcl
/usr/local/synopsys/Design_Compiler/default/auxx/gui/common/histogram/DialogPathsSlack.tcl
/usr/local/synopsys/Design_Compiler/default/auxx/gui/common/histogram/DialogNetCapacitance.tcl
/usr/local/synopsys/Design_Compiler/default/auxx/gui/common/schematic/DialogPathSchematicFanInOut.tcl
/usr/local/synopsys/Design_Compiler/default/auxx/gui/common/schematic/DialogPathSchematicAddPaths.tcl
/home/viterbi/01/heyuhang/ee577b/HW_P4_syn/scripts/syn.tcl
/home/scf-22/ee577/NCSU45PDK/FreePDK45/osu_soc/lib/files/gscl45nm.db
/usr/local/synopsys/Design_Compiler/default/libraries/syn/dw_foundation.sldb
/usr/local/synopsys/Design_Compiler/default/libraries/syn/standard.sldb
/usr/local/synopsys/Design_Compiler/default/libraries/syn/gtech.db
/home/viterbi/01/heyuhang/ee577b/HW_P4_syn/src/pipeline.v
/home/viterbi/01/heyuhang/ee577b/HW_P4_syn/src/pipeline.v
/home/viterbi/01/heyuhang/ee577b/HW_P4_syn/netlist/program_counter_syn.v
/home/viterbi/01/heyuhang/ee577b/HW_P4_syn/netlist/instruction_decoder_syn.v
/home/viterbi/01/heyuhang/ee577b/HW_P4_syn/netlist/register_file_syn.v
/home/viterbi/01/heyuhang/ee577b/HW_P4_syn/netlist/branch_syn.v
/home/viterbi/01/heyuhang/ee577b/HW_P4_syn/netlist/hdu_syn.v
/home/viterbi/01/heyuhang/ee577b/HW_P4_syn/netlist/mux_2_syn.v
/home/viterbi/01/heyuhang/ee577b/HW_P4_syn/netlist/ALU_syn.v
